# JRE version: 7.0_11-b21
# Java VM: Java HotSpot(TM) Client VM (23.6-b04 mixed mode windows-x86 )
Heap
 def new generation   total 14784K, used 10110K [0x102e0000, 0x112e0000, 0x122e0000)
  eden space 13184K,  72% used [0x102e0000, 0x10c45220, 0x10fc0000)
  from space 1600K,  30% used [0x10fc0000, 0x1103a940, 0x11150000)
  to   space 1600K,   0% used [0x11150000, 0x11150000, 0x112e0000)
 tenured generation   total 49152K, used 42223K [0x122e0000, 0x152e0000, 0x182e0000)
   the space 49152K,  85% used [0x122e0000, 0x14c1bff0, 0x14c1c000, 0x152e0000)
 compacting perm gen  total 35328K, used 35203K [0x182e0000, 0x1a560000, 0x1e2e0000)
   the space 35328K,  99% used [0x182e0000, 0x1a540f10, 0x1a541000, 0x1a560000)
GC Heap History (10 events):
Event: 243.741 GC heap before
{Heap before GC invocations=77 (full 0):
 def new generation   total 14784K, used 13327K [0x102e0000, 0x112e0000, 0x122e0000)
  eden space 13184K, 100% used [0x102e0000, 0x10fc0000, 0x10fc0000)
  from space 1600K,   8% used [0x11150000, 0x11173ea8, 0x112e0000)
  to   space 1600K,   0% used [0x10fc0000, 0x10fc0000, 0x11150000)
 tenured generation   total 49152K, used 42223K [0x122e0000, 0x152e0000, 0x182e0000)
   the space 49152K,  85% used [0x122e0000, 0x14c1bff0, 0x14c1c000, 0x152e0000)
 compacting perm gen  total 35328K, used 35150K [0x182e0000, 0x1a560000, 0x1e2e0000)
   the space 35328K,  99% used [0x182e0000, 0x1a533878, 0x1a533a00, 0x1a560000)
No shared spaces configured.
Event: 243.746 GC heap after
Heap after GC invocations=78 (full 0):
 def new generation   total 14784K, used 290K [0x102e0000, 0x112e0000, 0x122e0000)
  eden space 13184K,   0% used [0x102e0000, 0x102e0000, 0x10fc0000)
  from space 1600K,  18% used [0x10fc0000, 0x11008ba0, 0x11150000)
  to   space 1600K,   0% used [0x11150000, 0x11150000, 0x112e0000)
 tenured generation   total 49152K, used 42223K [0x122e0000, 0x152e0000, 0x182e0000)
   the space 49152K,  85% used [0x122e0000, 0x14c1bff0, 0x14c1c000, 0x152e0000)
 compacting perm gen  total 35328K, used 35150K [0x182e0000, 0x1a560000, 0x1e2e0000)
   the space 35328K,  99% used [0x182e0000, 0x1a533878, 0x1a533a00, 0x1a560000)
No shared spaces configured.
}
Event: 264.279 GC heap before
{Heap before GC invocations=78 (full 0):
 def new generation   total 14784K, used 13474K [0x102e0000, 0x112e0000, 0x122e0000)
  eden space 13184K, 100% used [0x102e0000, 0x10fc0000, 0x10fc0000)
  from space 1600K,  18% used [0x10fc0000, 0x11008ba0, 0x11150000)
  to   space 1600K,   0% used [0x11150000, 0x11150000, 0x112e0000)
 tenured generation   total 49152K, used 42223K [0x122e0000, 0x152e0000, 0x182e0000)
   the space 49152K,  85% used [0x122e0000, 0x14c1bff0, 0x14c1c000, 0x152e0000)
 compacting perm gen  total 35328K, used 35170K [0x182e0000, 0x1a560000, 0x1e2e0000)
   the space 35328K,  99% used [0x182e0000, 0x1a538900, 0x1a538a00, 0x1a560000)
No shared spaces configured.
Event: 264.286 GC heap after
Heap after GC invocations=79 (full 0):
 def new generation   total 14784K, used 337K [0x102e0000, 0x112e0000, 0x122e0000)
  eden space 13184K,   0% used [0x102e0000, 0x102e0000, 0x10fc0000)
  from space 1600K,  21% used [0x11150000, 0x111a4448, 0x112e0000)
  to   space 1600K,   0% used [0x10fc0000, 0x10fc0000, 0x11150000)
 tenured generation   total 49152K, used 42223K [0x122e0000, 0x152e0000, 0x182e0000)
   the space 49152K,  85% used [0x122e0000, 0x14c1bff0, 0x14c1c000, 0x152e0000)
 compacting perm gen  total 35328K, used 35170K [0x182e0000, 0x1a560000, 0x1e2e0000)
   the space 35328K,  99% used [0x182e0000, 0x1a538900, 0x1a538a00, 0x1a560000)
No shared spaces configured.
}
Event: 277.001 GC heap before
{Heap before GC invocations=79 (full 0):
 def new generation   total 14784K, used 13521K [0x102e0000, 0x112e0000, 0x122e0000)
  eden space 13184K, 100% used [0x102e0000, 0x10fc0000, 0x10fc0000)
  from space 1600K,  21% used [0x11150000, 0x111a4448, 0x112e0000)
  to   space 1600K,   0% used [0x10fc0000, 0x10fc0000, 0x11150000)
 tenured generation   total 49152K, used 42223K [0x122e0000, 0x152e0000, 0x182e0000)
   the space 49152K,  85% used [0x122e0000, 0x14c1bff0, 0x14c1c000, 0x152e0000)
 compacting perm gen  total 35328K, used 35170K [0x182e0000, 0x1a560000, 0x1e2e0000)
   the space 35328K,  99% used [0x182e0000, 0x1a5389b0, 0x1a538a00, 0x1a560000)
No shared spaces configured.
Event: 277.007 GC heap after
Heap after GC invocations=80 (full 0):
 def new generation   total 14784K, used 316K [0x102e0000, 0x112e0000, 0x122e0000)
  eden space 13184K,   0% used [0x102e0000, 0x102e0000, 0x10fc0000)
  from space 1600K,  19% used [0x10fc0000, 0x1100f058, 0x11150000)
  to   space 1600K,   0% used [0x11150000, 0x11150000, 0x112e0000)
 tenured generation   total 49152K, used 42223K [0x122e0000, 0x152e0000, 0x182e0000)
   the space 49152K,  85% used [0x122e0000, 0x14c1bff0, 0x14c1c000, 0x152e0000)
 compacting perm gen  total 35328K, used 35170K [0x182e0000, 0x1a560000, 0x1e2e0000)
   the space 35328K,  99% used [0x182e0000, 0x1a5389b0, 0x1a538a00, 0x1a560000)
No shared spaces configured.
}
Event: 294.278 GC heap before
{Heap before GC invocations=80 (full 0):
 def new generation   total 14784K, used 13500K [0x102e0000, 0x112e0000, 0x122e0000)
  eden space 13184K, 100% used [0x102e0000, 0x10fc0000, 0x10fc0000)
  from space 1600K,  19% used [0x10fc0000, 0x1100f058, 0x11150000)
  to   space 1600K,   0% used [0x11150000, 0x11150000, 0x112e0000)
 tenured generation   total 49152K, used 42223K [0x122e0000, 0x152e0000, 0x182e0000)
   the space 49152K,  85% used [0x122e0000, 0x14c1bff0, 0x14c1c000, 0x152e0000)
 compacting perm gen  total 35328K, used 35195K [0x182e0000, 0x1a560000, 0x1e2e0000)
   the space 35328K,  99% used [0x182e0000, 0x1a53ee60, 0x1a53f000, 0x1a560000)
No shared spaces configured.
Event: 294.285 GC heap after
Heap after GC invocations=81 (full 0):
 def new generation   total 14784K, used 408K [0x102e0000, 0x112e0000, 0x122e0000)
  eden space 13184K,   0% used [0x102e0000, 0x102e0000, 0x10fc0000)
  from space 1600K,  25% used [0x11150000, 0x111b61e0, 0x112e0000)
  to   space 1600K,   0% used [0x10fc0000, 0x10fc0000, 0x11150000)
 tenured generation   total 49152K, used 42223K [0x122e0000, 0x152e0000, 0x182e0000)
   the space 49152K,  85% used [0x122e0000, 0x14c1bff0, 0x14c1c000, 0x152e0000)
 compacting perm gen  total 35328K, used 35195K [0x182e0000, 0x1a560000, 0x1e2e0000)
   the space 35328K,  99% used [0x182e0000, 0x1a53ee60, 0x1a53f000, 0x1a560000)
No shared spaces configured.
}
Event: 307.468 GC heap before
{Heap before GC invocations=81 (full 0):
 def new generation   total 14784K, used 13592K [0x102e0000, 0x112e0000, 0x122e0000)
  eden space 13184K, 100% used [0x102e0000, 0x10fc0000, 0x10fc0000)
  from space 1600K,  25% used [0x11150000, 0x111b61e0, 0x112e0000)
  to   space 1600K,   0% used [0x10fc0000, 0x10fc0000, 0x11150000)
 tenured generation   total 49152K, used 42223K [0x122e0000, 0x152e0000, 0x182e0000)
   the space 49152K,  85% used [0x122e0000, 0x14c1bff0, 0x14c1c000, 0x152e0000)
 compacting perm gen  total 35328K, used 35197K [0x182e0000, 0x1a560000, 0x1e2e0000)
   the space 35328K,  99% used [0x182e0000, 0x1a53f610, 0x1a53f800, 0x1a560000)
No shared spaces configured.
Event: 307.473 GC heap after
Heap after GC invocations=82 (full 0):
 def new generation   total 14784K, used 490K [0x102e0000, 0x112e0000, 0x122e0000)
  eden space 13184K,   0% used [0x102e0000, 0x102e0000, 0x10fc0000)
  from space 1600K,  30% used [0x10fc0000, 0x1103a940, 0x11150000)
  to   space 1600K,   0% used [0x11150000, 0x11150000, 0x112e0000)
 tenured generation   total 49152K, used 42223K [0x122e0000, 0x152e0000, 0x182e0000)
   the space 49152K,  85% used [0x122e0000, 0x14c1bff0, 0x14c1c000, 0x152e0000)
 compacting perm gen  total 35328K, used 35197K [0x182e0000, 0x1a560000, 0x1e2e0000)
   the space 35328K,  99% used [0x182e0000, 0x1a53f610, 0x1a53f800, 0x1a560000)
No shared spaces configured.
}

